{"total": {"lines":{"total":305,"covered":67,"skipped":0,"pct":21.96},"statements":{"total":309,"covered":67,"skipped":0,"pct":21.68},"functions":{"total":37,"covered":6,"skipped":0,"pct":16.21},"branches":{"total":110,"covered":5,"skipped":0,"pct":4.54},"branchesTrue":{"total":0,"covered":0,"skipped":0,"pct":100}}
,"C:\\Users\\mylaptop.ge\\Desktop\\Programming\\JS\\acquisitions\\src\\app.js": {"lines":{"total":20,"covered":18,"skipped":0,"pct":90},"functions":{"total":5,"covered":4,"skipped":0,"pct":80},"statements":{"total":20,"covered":18,"skipped":0,"pct":90},"branches":{"total":0,"covered":0,"skipped":0,"pct":100}}
,"C:\\Users\\mylaptop.ge\\Desktop\\Programming\\JS\\acquisitions\\src\\config\\database.js": {"lines":{"total":6,"covered":3,"skipped":0,"pct":50},"functions":{"total":0,"covered":0,"skipped":0,"pct":100},"statements":{"total":6,"covered":3,"skipped":0,"pct":50},"branches":{"total":2,"covered":1,"skipped":0,"pct":50}}
,"C:\\Users\\mylaptop.ge\\Desktop\\Programming\\JS\\acquisitions\\src\\config\\logger.js": {"lines":{"total":3,"covered":3,"skipped":0,"pct":100},"functions":{"total":0,"covered":0,"skipped":0,"pct":100},"statements":{"total":3,"covered":3,"skipped":0,"pct":100},"branches":{"total":4,"covered":2,"skipped":0,"pct":50}}
,"C:\\Users\\mylaptop.ge\\Desktop\\Programming\\JS\\acquisitions\\src\\controllers\\auth.controller.js": {"lines":{"total":39,"covered":3,"skipped":0,"pct":7.69},"functions":{"total":3,"covered":0,"skipped":0,"pct":0},"statements":{"total":39,"covered":3,"skipped":0,"pct":7.69},"branches":{"total":10,"covered":0,"skipped":0,"pct":0}}
,"C:\\Users\\mylaptop.ge\\Desktop\\Programming\\JS\\acquisitions\\src\\controllers\\users.controller.js": {"lines":{"total":70,"covered":4,"skipped":0,"pct":5.71},"functions":{"total":4,"covered":0,"skipped":0,"pct":0},"statements":{"total":70,"covered":4,"skipped":0,"pct":5.71},"branches":{"total":35,"covered":0,"skipped":0,"pct":0}}
,"C:\\Users\\mylaptop.ge\\Desktop\\Programming\\JS\\acquisitions\\src\\middleware\\auth.middleware.js": {"lines":{"total":31,"covered":4,"skipped":0,"pct":12.9},"functions":{"total":4,"covered":1,"skipped":0,"pct":25},"statements":{"total":31,"covered":4,"skipped":0,"pct":12.9},"branches":{"total":12,"covered":0,"skipped":0,"pct":0}}
,"C:\\Users\\mylaptop.ge\\Desktop\\Programming\\JS\\acquisitions\\src\\middleware\\security.middleware.js": {"lines":{"total":6,"covered":4,"skipped":0,"pct":66.66},"functions":{"total":1,"covered":1,"skipped":0,"pct":100},"statements":{"total":6,"covered":4,"skipped":0,"pct":66.66},"branches":{"total":2,"covered":2,"skipped":0,"pct":100}}
,"C:\\Users\\mylaptop.ge\\Desktop\\Programming\\JS\\acquisitions\\src\\models\\user.model.js": {"lines":{"total":1,"covered":1,"skipped":0,"pct":100},"functions":{"total":0,"covered":0,"skipped":0,"pct":100},"statements":{"total":1,"covered":1,"skipped":0,"pct":100},"branches":{"total":0,"covered":0,"skipped":0,"pct":100}}
,"C:\\Users\\mylaptop.ge\\Desktop\\Programming\\JS\\acquisitions\\src\\routes\\auth.routes.js": {"lines":{"total":4,"covered":4,"skipped":0,"pct":100},"functions":{"total":0,"covered":0,"skipped":0,"pct":100},"statements":{"total":4,"covered":4,"skipped":0,"pct":100},"branches":{"total":0,"covered":0,"skipped":0,"pct":100}}
,"C:\\Users\\mylaptop.ge\\Desktop\\Programming\\JS\\acquisitions\\src\\routes\\users.routes.js": {"lines":{"total":6,"covered":6,"skipped":0,"pct":100},"functions":{"total":0,"covered":0,"skipped":0,"pct":100},"statements":{"total":6,"covered":6,"skipped":0,"pct":100},"branches":{"total":0,"covered":0,"skipped":0,"pct":100}}
,"C:\\Users\\mylaptop.ge\\Desktop\\Programming\\JS\\acquisitions\\src\\services\\auth.service.js": {"lines":{"total":40,"covered":4,"skipped":0,"pct":10},"functions":{"total":4,"covered":0,"skipped":0,"pct":0},"statements":{"total":40,"covered":4,"skipped":0,"pct":10},"branches":{"total":11,"covered":0,"skipped":0,"pct":0}}
,"C:\\Users\\mylaptop.ge\\Desktop\\Programming\\JS\\acquisitions\\src\\services\\users.service.js": {"lines":{"total":50,"covered":4,"skipped":0,"pct":8},"functions":{"total":4,"covered":0,"skipped":0,"pct":0},"statements":{"total":52,"covered":4,"skipped":0,"pct":7.69},"branches":{"total":26,"covered":0,"skipped":0,"pct":0}}
,"C:\\Users\\mylaptop.ge\\Desktop\\Programming\\JS\\acquisitions\\src\\utils\\cookies.js": {"lines":{"total":5,"covered":1,"skipped":0,"pct":20},"functions":{"total":4,"covered":0,"skipped":0,"pct":0},"statements":{"total":5,"covered":1,"skipped":0,"pct":20},"branches":{"total":2,"covered":0,"skipped":0,"pct":0}}
,"C:\\Users\\mylaptop.ge\\Desktop\\Programming\\JS\\acquisitions\\src\\utils\\format.js": {"lines":{"total":5,"covered":1,"skipped":0,"pct":20},"functions":{"total":2,"covered":0,"skipped":0,"pct":0},"statements":{"total":7,"covered":1,"skipped":0,"pct":14.28},"branches":{"total":6,"covered":0,"skipped":0,"pct":0}}
,"C:\\Users\\mylaptop.ge\\Desktop\\Programming\\JS\\acquisitions\\src\\utils\\jwt.js": {"lines":{"total":11,"covered":3,"skipped":0,"pct":27.27},"functions":{"total":2,"covered":0,"skipped":0,"pct":0},"statements":{"total":11,"covered":3,"skipped":0,"pct":27.27},"branches":{"total":0,"covered":0,"skipped":0,"pct":100}}
,"C:\\Users\\mylaptop.ge\\Desktop\\Programming\\JS\\acquisitions\\src\\validations\\auth.validation.js": {"lines":{"total":2,"covered":2,"skipped":0,"pct":100},"functions":{"total":0,"covered":0,"skipped":0,"pct":100},"statements":{"total":2,"covered":2,"skipped":0,"pct":100},"branches":{"total":0,"covered":0,"skipped":0,"pct":100}}
,"C:\\Users\\mylaptop.ge\\Desktop\\Programming\\JS\\acquisitions\\src\\validations\\users.validation.js": {"lines":{"total":6,"covered":2,"skipped":0,"pct":33.33},"functions":{"total":4,"covered":0,"skipped":0,"pct":0},"statements":{"total":6,"covered":2,"skipped":0,"pct":33.33},"branches":{"total":0,"covered":0,"skipped":0,"pct":100}}
}
